<?xml version="1.0" encoding="UTF-8"?>
<testsuite xmlns:xsi="http://www.w3.org/2001/XMLSchema-instance" xsi:noNamespaceSchemaLocation="https://maven.apache.org/surefire/maven-surefire-plugin/xsd/surefire-test-report.xsd" name="com.jun.config.ServerConfigTest" time="0.992" tests="3" errors="0" skipped="0" failures="0">
  <properties>
[...]
</properties>
  <testcase name="testDefaultsWhenPropertiesFileMissing" classname="com.jun.config.ServerConfigTest" time="0.911"/>
  <testcase name="testDefaultsWhenPropertyMissing" classname="com.jun.config.ServerConfigTest" time="0"/>
  <testcase name="testLoadFromTestProperties" classname="com.jun.config.ServerConfigTest" time="0"/>
</testsuite>